pan:1: invalid end state (at depth 5)
pan: wrote 2018-2_ex1_1.pml.trail

(Spin Version 6.4.8 -- 2 March 2018)
Warning: Search not completed
        + Partial Order Reduction

Full statespace search for:
        never claim             - (none specified)
        assertion violations    +
        cycle checks            - (disabled by -DSAFETY)
        invalid end states      +

State-vector 36 byte, depth reached 6, errors: 1
        7 states, stored
        0 states, matched
        7 transitions (= stored+matched)
        0 atomic steps
hash conflicts:         0 (resolved)

Stats on memory usage (in Megabytes):
    0.000       equivalent memory usage for states (stored*(State-vector + overhead))
    0.290       actual memory usage for states
  128.000       memory used for hash table (-w24)
    0.534       memory used for DFS stack (-m10000)
  128.730       total actual memory usage



pan: elapsed time 0 seconds
